<?xml version="1.0" encoding="UTF-8"?>
<!-- Generated by org.testng.reporters.JUnitReportReporter -->
<testsuite hostname="DESKTOP-LV5QG8U" failures="0" tests="1" name="testCases.ADMIN.MASTERS.AddIDProofTest" time="2.779" errors="0" timestamp="2025-02-12T12:57:04 IST" skipped="0">
  <testcase classname="testCases.ADMIN.MASTERS.AddIDProofTest" name="verifyAddID_Proofs" time="2.779"/>
</testsuite> <!-- testCases.ADMIN.MASTERS.AddIDProofTest -->
