<?xml version="1.0" encoding="UTF-8"?>
<!-- Generated by org.testng.reporters.JUnitReportReporter -->
<testsuite hostname="DESKTOP-LV5QG8U" failures="0" tests="1" name="testCases.ADMIN.MASTERS.AddLocationTest" time="4.005" errors="0" timestamp="2025-02-12T12:57:04 IST" skipped="0">
  <testcase classname="testCases.ADMIN.MASTERS.AddLocationTest" name="verifyAddLocation" time="4.005"/>
</testsuite> <!-- testCases.ADMIN.MASTERS.AddLocationTest -->
