<?xml version="1.0" encoding="UTF-8"?>
<!-- Generated by org.testng.reporters.JUnitReportReporter -->
<testsuite hostname="DESKTOP-LV5QG8U" failures="0" tests="1" name="testCases.ADMIN.MASTERS.AddDepartmentsTest" time="3.541" errors="0" timestamp="2025-02-12T12:57:04 IST" skipped="0">
  <testcase classname="testCases.ADMIN.MASTERS.AddDepartmentsTest" name="verifyAddDepartment" time="3.541"/>
</testsuite> <!-- testCases.ADMIN.MASTERS.AddDepartmentsTest -->
