<?xml version="1.0" encoding="UTF-8"?>
<!-- Generated by org.testng.reporters.JUnitReportReporter -->
<testsuite hostname="DESKTOP-LV5QG8U" failures="0" tests="1" name="testCases.Warehouse.Item_Creation_Test" time="24.379" errors="0" timestamp="2025-02-12T12:57:04 IST" skipped="0">
  <testcase classname="testCases.Warehouse.Item_Creation_Test" name="verifyItemCreation" time="24.379"/>
</testsuite> <!-- testCases.Warehouse.Item_Creation_Test -->
