<?xml version="1.0" encoding="UTF-8"?>
<!-- Generated by org.testng.reporters.JUnitReportReporter -->
<testsuite hostname="DESKTOP-LV5QG8U" failures="0" tests="1" name="testCases.ADMIN.MASTERS.AddWardsTest" time="4.425" errors="0" timestamp="2025-02-12T12:57:04 IST" skipped="0">
  <testcase classname="testCases.ADMIN.MASTERS.AddWardsTest" name="verifyAddWards" time="4.425"/>
</testsuite> <!-- testCases.ADMIN.MASTERS.AddWardsTest -->
